<?xml version="1.0" encoding="UTF-8"?>
<!-- Generated by org.testng.reporters.JUnitXMLReporter -->
<testsuite ignored="0" hostname="LAPTOP-2Q47I0S4" failures="0" tests="5" name="Test" time="83.739" errors="0" timestamp="2020-12-09T10:56:15 IST">
  <testcase classname="mavenProject.phpTravel.TestClass" name="compareExpectedAndActualTitle" time="28.779"/>
  <testcase classname="mavenProject.phpTravel.TestClass" name="compareExpectedAndActualFeatureTitle" time="6.03"/>
  <testcase classname="mavenProject.phpTravel.TestClass" name="compareExpectedAndActualProductTitle" time="5.93"/>
  <testcase classname="mavenProject.phpTravel.TestClass" name="compareExpectedAndActualCompanyTitle" time="5.838"/>
  <testcase classname="mavenProject.phpTravel.TestClass" name="moveToDemoWindow" time="37.029"/>
</testsuite> <!-- Test -->
