<?xml version="1.0" encoding="UTF-8"?>
<!-- Generated by org.testng.reporters.JUnitXMLReporter -->
<testsuite ignored="0" hostname="LAPTOP-2Q47I0S4" failures="0" tests="5" name="Test" time="43.109" errors="0" timestamp="2020-12-04T18:24:55 IST">
  <testcase classname="mavenProject.phpTravel.TestClass" name="compareExpectedAndActualTitle" time="23.272"/>
  <testcase classname="mavenProject.phpTravel.TestClass" name="compareExpectedAndActualFeatureTitle" time="5.759"/>
  <testcase classname="mavenProject.phpTravel.TestClass" name="compareExpectedAndActualProductTitle" time="5.774"/>
  <testcase classname="mavenProject.phpTravel.TestClass" name="compareExpectedAndActualCompanyTitle" time="5.758"/>
  <testcase classname="mavenProject.phpTravel.TestClass" name="moveToDemoWindow" time="2.472"/>
</testsuite> <!-- Test -->
