<?xml version="1.0" encoding="UTF-8"?>
<testng-results ignored="0" total="5" passed="5" failed="0" skipped="0">
  <reporter-output>
  </reporter-output>
  <suite started-at="2020-12-03T20:57:30 IST" name="Suite" finished-at="2020-12-03T20:58:12 IST" duration-ms="42022">
    <groups>
    </groups>
    <test started-at="2020-12-03T20:57:30 IST" name="Test" finished-at="2020-12-03T20:58:12 IST" duration-ms="42022">
      <class name="mavenProject.phpTravel.TestClass">
        <test-method is-config="true" signature="testEnvironment(java.lang.String)[pri:0, instance:mavenProject.phpTravel.TestClass@53aad5d5]" started-at="2020-12-03T20:57:24 IST" name="testEnvironment" finished-at="2020-12-03T20:57:30 IST" duration-ms="6339" status="PASS">
          <params>
            <param index="0">
              <value>
                <![CDATA[true]]>
              </value>
            </param>
          </params>
          <reporter-output>
          </reporter-output>
        </test-method> <!-- testEnvironment -->
        <test-method signature="compareExpectedAndActualTitle()[pri:1, instance:mavenProject.phpTravel.TestClass@53aad5d5]" started-at="2020-12-03T20:57:30 IST" name="compareExpectedAndActualTitle" finished-at="2020-12-03T20:57:35 IST" duration-ms="4494" status="PASS">
          <reporter-output>
          </reporter-output>
        </test-method> <!-- compareExpectedAndActualTitle -->
        <test-method signature="compareExpectedAndActualFeatureTitle()[pri:2, instance:mavenProject.phpTravel.TestClass@53aad5d5]" started-at="2020-12-03T20:57:35 IST" name="compareExpectedAndActualFeatureTitle" finished-at="2020-12-03T20:57:40 IST" duration-ms="5400" status="PASS">
          <reporter-output>
          </reporter-output>
        </test-method> <!-- compareExpectedAndActualFeatureTitle -->
        <test-method signature="compareExpectedAndActualProductTitle()[pri:3, instance:mavenProject.phpTravel.TestClass@53aad5d5]" started-at="2020-12-03T20:57:40 IST" name="compareExpectedAndActualProductTitle" finished-at="2020-12-03T20:57:56 IST" duration-ms="15342" status="PASS">
          <reporter-output>
          </reporter-output>
        </test-method> <!-- compareExpectedAndActualProductTitle -->
        <test-method signature="compareExpectedAndActualCompanyTitle()[pri:4, instance:mavenProject.phpTravel.TestClass@53aad5d5]" started-at="2020-12-03T20:57:56 IST" name="compareExpectedAndActualCompanyTitle" finished-at="2020-12-03T20:58:11 IST" duration-ms="15355" status="PASS">
          <reporter-output>
          </reporter-output>
        </test-method> <!-- compareExpectedAndActualCompanyTitle -->
        <test-method signature="moveToDemoWindow()[pri:5, instance:mavenProject.phpTravel.TestClass@53aad5d5]" started-at="2020-12-03T20:58:11 IST" name="moveToDemoWindow" finished-at="2020-12-03T20:58:12 IST" duration-ms="1382" status="PASS">
          <reporter-output>
          </reporter-output>
        </test-method> <!-- moveToDemoWindow -->
        <test-method is-config="true" signature="Endmethod()[pri:0, instance:mavenProject.phpTravel.TestClass@53aad5d5]" started-at="2020-12-03T20:58:12 IST" name="Endmethod" finished-at="2020-12-03T20:58:13 IST" duration-ms="842" status="PASS">
          <reporter-output>
          </reporter-output>
        </test-method> <!-- Endmethod -->
      </class> <!-- mavenProject.phpTravel.TestClass -->
    </test> <!-- Test -->
  </suite> <!-- Suite -->
</testng-results>
