<?xml version="1.0" encoding="UTF-8"?>
<testng-results ignored="0" total="5" passed="5" failed="0" skipped="0">
  <reporter-output>
    <line>
      <![CDATA[Launching Chrome Browser in Incognito mode.]]>
    </line>
    <line>
      <![CDATA[Maximize the browser window.]]>
    </line>
    <line>
      <![CDATA[Read and return data that is stored in properties files.]]>
    </line>
    <line>
      <![CDATA[Navigate to the given URL]]>
    </line>
    <line>
      <![CDATA[Read and return data that is stored in properties files.]]>
    </line>
    <line>
      <![CDATA[Method to return xpath in string format, that is stored in webelement format.]]>
    </line>
    <line>
      <![CDATA[Method that returns list to elements that are title in the website.]]>
    </line>
    <line>
      <![CDATA[Return individual element that is stored in the list of titles.]]>
    </line>
    <line>
      <![CDATA[Read and return data that is stored in the excel sheet.]]>
    </line>
    <line>
      <![CDATA[Return individual element that is stored in the list of titles.]]>
    </line>
    <line>
      <![CDATA[Return individual element that is stored in the list of titles.]]>
    </line>
    <line>
      <![CDATA[Read and return data that is stored in the excel sheet.]]>
    </line>
    <line>
      <![CDATA[Return individual element that is stored in the list of titles.]]>
    </line>
    <line>
      <![CDATA[Return individual element that is stored in the list of titles.]]>
    </line>
    <line>
      <![CDATA[Read and return data that is stored in the excel sheet.]]>
    </line>
    <line>
      <![CDATA[Return individual element that is stored in the list of titles.]]>
    </line>
    <line>
      <![CDATA[Return individual element that is stored in the list of titles.]]>
    </line>
    <line>
      <![CDATA[Read and return data that is stored in the excel sheet.]]>
    </line>
    <line>
      <![CDATA[Return individual element that is stored in the list of titles.]]>
    </line>
    <line>
      <![CDATA[Return individual element that is stored in the list of titles.]]>
    </line>
    <line>
      <![CDATA[Read and return data that is stored in the excel sheet.]]>
    </line>
    <line>
      <![CDATA[Return individual element that is stored in the list of titles.]]>
    </line>
    <line>
      <![CDATA[Return individual element that is stored in the list of titles.]]>
    </line>
    <line>
      <![CDATA[Read and return data that is stored in the excel sheet.]]>
    </line>
    <line>
      <![CDATA[Return individual element that is stored in the list of titles.]]>
    </line>
    <line>
      <![CDATA[Return individual element that is stored in the list of titles.]]>
    </line>
    <line>
      <![CDATA[Read and return data that is stored in the excel sheet.]]>
    </line>
    <line>
      <![CDATA[Return individual element that is stored in the list of titles.]]>
    </line>
    <line>
      <![CDATA[Return individual element that is stored in the list of titles.]]>
    </line>
    <line>
      <![CDATA[Read and return data that is stored in the excel sheet.]]>
    </line>
    <line>
      <![CDATA[Return individual element that is stored in the list of titles.]]>
    </line>
    <line>
      <![CDATA[Comparison of actual and expected title is completed.]]>
    </line>
    <line>
      <![CDATA[Method to return xpath in string format, that is stored in webelement format.]]>
    </line>
    <line>
      <![CDATA[Method used to hover over elements]]>
    </line>
    <line>
      <![CDATA[Method return a list of elements that is stored in the drop-down menu.]]>
    </line>
    <line>
      <![CDATA[Read and return data that is stored in properties files.]]>
    </line>
    <line>
      <![CDATA[Return individual element that is stored a list, that stored elements from the drop-down menu.]]>
    </line>
    <line>
      <![CDATA[Read and return data that is stored in the excel sheet.]]>
    </line>
    <line>
      <![CDATA[Return individual element that is stored a list, that stored elements from the drop-down menu.]]>
    </line>
    <line>
      <![CDATA[Return individual element that is stored a list, that stored elements from the drop-down menu.]]>
    </line>
    <line>
      <![CDATA[Read and return data that is stored in the excel sheet.]]>
    </line>
    <line>
      <![CDATA[Return individual element that is stored a list, that stored elements from the drop-down menu.]]>
    </line>
    <line>
      <![CDATA[Return individual element that is stored a list, that stored elements from the drop-down menu.]]>
    </line>
    <line>
      <![CDATA[Read and return data that is stored in the excel sheet.]]>
    </line>
    <line>
      <![CDATA[Return individual element that is stored a list, that stored elements from the drop-down menu.]]>
    </line>
    <line>
      <![CDATA[Return individual element that is stored a list, that stored elements from the drop-down menu.]]>
    </line>
    <line>
      <![CDATA[Read and return data that is stored in the excel sheet.]]>
    </line>
    <line>
      <![CDATA[Return individual element that is stored a list, that stored elements from the drop-down menu.]]>
    </line>
    <line>
      <![CDATA[Return individual element that is stored a list, that stored elements from the drop-down menu.]]>
    </line>
    <line>
      <![CDATA[Read and return data that is stored in the excel sheet.]]>
    </line>
    <line>
      <![CDATA[Return individual element that is stored a list, that stored elements from the drop-down menu.]]>
    </line>
    <line>
      <![CDATA[Return individual element that is stored a list, that stored elements from the drop-down menu.]]>
    </line>
    <line>
      <![CDATA[Read and return data that is stored in the excel sheet.]]>
    </line>
    <line>
      <![CDATA[Return individual element that is stored a list, that stored elements from the drop-down menu.]]>
    </line>
    <line>
      <![CDATA[Return individual element that is stored a list, that stored elements from the drop-down menu.]]>
    </line>
    <line>
      <![CDATA[Read and return data that is stored in the excel sheet.]]>
    </line>
    <line>
      <![CDATA[Return individual element that is stored a list, that stored elements from the drop-down menu.]]>
    </line>
    <line>
      <![CDATA[Return individual element that is stored a list, that stored elements from the drop-down menu.]]>
    </line>
    <line>
      <![CDATA[Read and return data that is stored in the excel sheet.]]>
    </line>
    <line>
      <![CDATA[Return individual element that is stored a list, that stored elements from the drop-down menu.]]>
    </line>
    <line>
      <![CDATA[Return individual element that is stored a list, that stored elements from the drop-down menu.]]>
    </line>
    <line>
      <![CDATA[Read and return data that is stored in the excel sheet.]]>
    </line>
    <line>
      <![CDATA[Return individual element that is stored a list, that stored elements from the drop-down menu.]]>
    </line>
    <line>
      <![CDATA[Comparison of actual and expected features drop-down title is completed.]]>
    </line>
    <line>
      <![CDATA[Method to return xpath in string format, that is stored in webelement format.]]>
    </line>
    <line>
      <![CDATA[Method used to hover over elements]]>
    </line>
    <line>
      <![CDATA[Method return a list of elements that is stored in the drop-down menu.]]>
    </line>
    <line>
      <![CDATA[Read and return data that is stored in properties files.]]>
    </line>
    <line>
      <![CDATA[Return individual element that is stored a list, that stored elements from the drop-down menu.]]>
    </line>
    <line>
      <![CDATA[Read and return data that is stored in the excel sheet.]]>
    </line>
    <line>
      <![CDATA[Return individual element that is stored a list, that stored elements from the drop-down menu.]]>
    </line>
    <line>
      <![CDATA[Return individual element that is stored a list, that stored elements from the drop-down menu.]]>
    </line>
    <line>
      <![CDATA[Read and return data that is stored in the excel sheet.]]>
    </line>
    <line>
      <![CDATA[Return individual element that is stored a list, that stored elements from the drop-down menu.]]>
    </line>
    <line>
      <![CDATA[Return individual element that is stored a list, that stored elements from the drop-down menu.]]>
    </line>
    <line>
      <![CDATA[Read and return data that is stored in the excel sheet.]]>
    </line>
    <line>
      <![CDATA[Return individual element that is stored a list, that stored elements from the drop-down menu.]]>
    </line>
    <line>
      <![CDATA[Return individual element that is stored a list, that stored elements from the drop-down menu.]]>
    </line>
    <line>
      <![CDATA[Read and return data that is stored in the excel sheet.]]>
    </line>
    <line>
      <![CDATA[Return individual element that is stored a list, that stored elements from the drop-down menu.]]>
    </line>
    <line>
      <![CDATA[Return individual element that is stored a list, that stored elements from the drop-down menu.]]>
    </line>
    <line>
      <![CDATA[Read and return data that is stored in the excel sheet.]]>
    </line>
    <line>
      <![CDATA[Return individual element that is stored a list, that stored elements from the drop-down menu.]]>
    </line>
    <line>
      <![CDATA[Return individual element that is stored a list, that stored elements from the drop-down menu.]]>
    </line>
    <line>
      <![CDATA[Read and return data that is stored in the excel sheet.]]>
    </line>
    <line>
      <![CDATA[Return individual element that is stored a list, that stored elements from the drop-down menu.]]>
    </line>
    <line>
      <![CDATA[Return individual element that is stored a list, that stored elements from the drop-down menu.]]>
    </line>
    <line>
      <![CDATA[Read and return data that is stored in the excel sheet.]]>
    </line>
    <line>
      <![CDATA[Return individual element that is stored a list, that stored elements from the drop-down menu.]]>
    </line>
    <line>
      <![CDATA[Return individual element that is stored a list, that stored elements from the drop-down menu.]]>
    </line>
    <line>
      <![CDATA[Read and return data that is stored in the excel sheet.]]>
    </line>
    <line>
      <![CDATA[Return individual element that is stored a list, that stored elements from the drop-down menu.]]>
    </line>
    <line>
      <![CDATA[Return individual element that is stored a list, that stored elements from the drop-down menu.]]>
    </line>
    <line>
      <![CDATA[Read and return data that is stored in the excel sheet.]]>
    </line>
    <line>
      <![CDATA[Return individual element that is stored a list, that stored elements from the drop-down menu.]]>
    </line>
    <line>
      <![CDATA[Return individual element that is stored a list, that stored elements from the drop-down menu.]]>
    </line>
    <line>
      <![CDATA[Read and return data that is stored in the excel sheet.]]>
    </line>
    <line>
      <![CDATA[Return individual element that is stored a list, that stored elements from the drop-down menu.]]>
    </line>
    <line>
      <![CDATA[Return individual element that is stored a list, that stored elements from the drop-down menu.]]>
    </line>
    <line>
      <![CDATA[Read and return data that is stored in the excel sheet.]]>
    </line>
    <line>
      <![CDATA[Return individual element that is stored a list, that stored elements from the drop-down menu.]]>
    </line>
    <line>
      <![CDATA[Return individual element that is stored a list, that stored elements from the drop-down menu.]]>
    </line>
    <line>
      <![CDATA[Read and return data that is stored in the excel sheet.]]>
    </line>
    <line>
      <![CDATA[Return individual element that is stored a list, that stored elements from the drop-down menu.]]>
    </line>
    <line>
      <![CDATA[Return individual element that is stored a list, that stored elements from the drop-down menu.]]>
    </line>
    <line>
      <![CDATA[Read and return data that is stored in the excel sheet.]]>
    </line>
    <line>
      <![CDATA[Return individual element that is stored a list, that stored elements from the drop-down menu.]]>
    </line>
    <line>
      <![CDATA[Comparison of actual and expected product drop-down title is completed.]]>
    </line>
    <line>
      <![CDATA[Method to return xpath in string format, that is stored in webelement format.]]>
    </line>
    <line>
      <![CDATA[Method used to hover over elements]]>
    </line>
    <line>
      <![CDATA[Method return a list of elements that is stored in the drop-down menu.]]>
    </line>
    <line>
      <![CDATA[Read and return data that is stored in properties files.]]>
    </line>
    <line>
      <![CDATA[Return individual element that is stored a list, that stored elements from the drop-down menu.]]>
    </line>
    <line>
      <![CDATA[Read and return data that is stored in the excel sheet.]]>
    </line>
    <line>
      <![CDATA[Return individual element that is stored a list, that stored elements from the drop-down menu.]]>
    </line>
    <line>
      <![CDATA[Return individual element that is stored a list, that stored elements from the drop-down menu.]]>
    </line>
    <line>
      <![CDATA[Read and return data that is stored in the excel sheet.]]>
    </line>
    <line>
      <![CDATA[Return individual element that is stored a list, that stored elements from the drop-down menu.]]>
    </line>
    <line>
      <![CDATA[Return individual element that is stored a list, that stored elements from the drop-down menu.]]>
    </line>
    <line>
      <![CDATA[Read and return data that is stored in the excel sheet.]]>
    </line>
    <line>
      <![CDATA[Return individual element that is stored a list, that stored elements from the drop-down menu.]]>
    </line>
    <line>
      <![CDATA[Return individual element that is stored a list, that stored elements from the drop-down menu.]]>
    </line>
    <line>
      <![CDATA[Read and return data that is stored in the excel sheet.]]>
    </line>
    <line>
      <![CDATA[Return individual element that is stored a list, that stored elements from the drop-down menu.]]>
    </line>
    <line>
      <![CDATA[Return individual element that is stored a list, that stored elements from the drop-down menu.]]>
    </line>
    <line>
      <![CDATA[Read and return data that is stored in the excel sheet.]]>
    </line>
    <line>
      <![CDATA[Return individual element that is stored a list, that stored elements from the drop-down menu.]]>
    </line>
    <line>
      <![CDATA[Return individual element that is stored a list, that stored elements from the drop-down menu.]]>
    </line>
    <line>
      <![CDATA[Read and return data that is stored in the excel sheet.]]>
    </line>
    <line>
      <![CDATA[Return individual element that is stored a list, that stored elements from the drop-down menu.]]>
    </line>
    <line>
      <![CDATA[Return individual element that is stored a list, that stored elements from the drop-down menu.]]>
    </line>
    <line>
      <![CDATA[Read and return data that is stored in the excel sheet.]]>
    </line>
    <line>
      <![CDATA[Return individual element that is stored a list, that stored elements from the drop-down menu.]]>
    </line>
    <line>
      <![CDATA[Return individual element that is stored a list, that stored elements from the drop-down menu.]]>
    </line>
    <line>
      <![CDATA[Read and return data that is stored in the excel sheet.]]>
    </line>
    <line>
      <![CDATA[Return individual element that is stored a list, that stored elements from the drop-down menu.]]>
    </line>
    <line>
      <![CDATA[Return individual element that is stored a list, that stored elements from the drop-down menu.]]>
    </line>
    <line>
      <![CDATA[Read and return data that is stored in the excel sheet.]]>
    </line>
    <line>
      <![CDATA[Return individual element that is stored a list, that stored elements from the drop-down menu.]]>
    </line>
    <line>
      <![CDATA[Return individual element that is stored a list, that stored elements from the drop-down menu.]]>
    </line>
    <line>
      <![CDATA[Read and return data that is stored in the excel sheet.]]>
    </line>
    <line>
      <![CDATA[Return individual element that is stored a list, that stored elements from the drop-down menu.]]>
    </line>
    <line>
      <![CDATA[Return individual element that is stored a list, that stored elements from the drop-down menu.]]>
    </line>
    <line>
      <![CDATA[Read and return data that is stored in the excel sheet.]]>
    </line>
    <line>
      <![CDATA[Return individual element that is stored a list, that stored elements from the drop-down menu.]]>
    </line>
    <line>
      <![CDATA[Comparison of actual and expected company drop down title is completed.]]>
    </line>
    <line>
      <![CDATA[Method to switch between windows.]]>
    </line>
    <line>
      <![CDATA[Method for automation testing of flight booking.]]>
    </line>
    <line>
      <![CDATA[Click on flight option.]]>
    </line>
    <line>
      <![CDATA[Click on round trip option.]]>
    </line>
    <line>
      <![CDATA[Click on drop-down to choose the class of flight ticket.]]>
    </line>
    <line>
      <![CDATA[Method to return xpath in string format, that is stored in webelement format.]]>
    </line>
    <line>
      <![CDATA[Click on business class option.]]>
    </line>
    <line>
      <![CDATA[Initialization of Calendar class.]]>
    </line>
    <line>
      <![CDATA[Click on depart option.]]>
    </line>
    <line>
      <![CDATA[Click on the current date on the calendar.]]>
    </line>
    <line>
      <![CDATA[Click on return option.]]>
    </line>
    <line>
      <![CDATA[Click on submit option.]]>
    </line>
    <line>
      <![CDATA[Completed flight booking.]]>
    </line>
    <line>
      <![CDATA[Close the browser and end all the tasks related to browser.]]>
    </line>
  </reporter-output>
  <suite started-at="2020-12-09T10:54:51 IST" name="Suite" finished-at="2020-12-09T10:56:15 IST" duration-ms="83739">
    <groups>
    </groups>
    <test started-at="2020-12-09T10:54:51 IST" name="Test" finished-at="2020-12-09T10:56:15 IST" duration-ms="83739">
      <class name="mavenProject.phpTravel.TestClass">
        <test-method is-config="true" signature="testEnvironment(java.lang.String)[pri:0, instance:mavenProject.phpTravel.TestClass@53aad5d5]" started-at="2020-12-09T10:54:43 IST" name="testEnvironment" finished-at="2020-12-09T10:54:51 IST" duration-ms="8479" status="PASS">
          <params>
            <param index="0">
              <value>
                <![CDATA[true]]>
              </value>
            </param>
          </params>
          <reporter-output>
            <line>
              <![CDATA[Launching Chrome Browser in Incognito mode.]]>
            </line>
            <line>
              <![CDATA[Maximize the browser window.]]>
            </line>
          </reporter-output>
        </test-method> <!-- testEnvironment -->
        <test-method signature="compareExpectedAndActualTitle()[pri:1, instance:mavenProject.phpTravel.TestClass@53aad5d5]" started-at="2020-12-09T10:54:51 IST" name="compareExpectedAndActualTitle" finished-at="2020-12-09T10:55:20 IST" duration-ms="28779" status="PASS">
          <reporter-output>
            <line>
              <![CDATA[Read and return data that is stored in properties files.]]>
            </line>
            <line>
              <![CDATA[Navigate to the given URL]]>
            </line>
            <line>
              <![CDATA[Read and return data that is stored in properties files.]]>
            </line>
            <line>
              <![CDATA[Method to return xpath in string format, that is stored in webelement format.]]>
            </line>
            <line>
              <![CDATA[Method that returns list to elements that are title in the website.]]>
            </line>
            <line>
              <![CDATA[Return individual element that is stored in the list of titles.]]>
            </line>
            <line>
              <![CDATA[Read and return data that is stored in the excel sheet.]]>
            </line>
            <line>
              <![CDATA[Return individual element that is stored in the list of titles.]]>
            </line>
            <line>
              <![CDATA[Return individual element that is stored in the list of titles.]]>
            </line>
            <line>
              <![CDATA[Read and return data that is stored in the excel sheet.]]>
            </line>
            <line>
              <![CDATA[Return individual element that is stored in the list of titles.]]>
            </line>
            <line>
              <![CDATA[Return individual element that is stored in the list of titles.]]>
            </line>
            <line>
              <![CDATA[Read and return data that is stored in the excel sheet.]]>
            </line>
            <line>
              <![CDATA[Return individual element that is stored in the list of titles.]]>
            </line>
            <line>
              <![CDATA[Return individual element that is stored in the list of titles.]]>
            </line>
            <line>
              <![CDATA[Read and return data that is stored in the excel sheet.]]>
            </line>
            <line>
              <![CDATA[Return individual element that is stored in the list of titles.]]>
            </line>
            <line>
              <![CDATA[Return individual element that is stored in the list of titles.]]>
            </line>
            <line>
              <![CDATA[Read and return data that is stored in the excel sheet.]]>
            </line>
            <line>
              <![CDATA[Return individual element that is stored in the list of titles.]]>
            </line>
            <line>
              <![CDATA[Return individual element that is stored in the list of titles.]]>
            </line>
            <line>
              <![CDATA[Read and return data that is stored in the excel sheet.]]>
            </line>
            <line>
              <![CDATA[Return individual element that is stored in the list of titles.]]>
            </line>
            <line>
              <![CDATA[Return individual element that is stored in the list of titles.]]>
            </line>
            <line>
              <![CDATA[Read and return data that is stored in the excel sheet.]]>
            </line>
            <line>
              <![CDATA[Return individual element that is stored in the list of titles.]]>
            </line>
            <line>
              <![CDATA[Return individual element that is stored in the list of titles.]]>
            </line>
            <line>
              <![CDATA[Read and return data that is stored in the excel sheet.]]>
            </line>
            <line>
              <![CDATA[Return individual element that is stored in the list of titles.]]>
            </line>
            <line>
              <![CDATA[Comparison of actual and expected title is completed.]]>
            </line>
          </reporter-output>
        </test-method> <!-- compareExpectedAndActualTitle -->
        <test-method signature="compareExpectedAndActualFeatureTitle()[pri:2, instance:mavenProject.phpTravel.TestClass@53aad5d5]" started-at="2020-12-09T10:55:20 IST" name="compareExpectedAndActualFeatureTitle" finished-at="2020-12-09T10:55:26 IST" duration-ms="6030" status="PASS">
          <reporter-output>
            <line>
              <![CDATA[Method to return xpath in string format, that is stored in webelement format.]]>
            </line>
            <line>
              <![CDATA[Method used to hover over elements]]>
            </line>
            <line>
              <![CDATA[Method return a list of elements that is stored in the drop-down menu.]]>
            </line>
            <line>
              <![CDATA[Read and return data that is stored in properties files.]]>
            </line>
            <line>
              <![CDATA[Return individual element that is stored a list, that stored elements from the drop-down menu.]]>
            </line>
            <line>
              <![CDATA[Read and return data that is stored in the excel sheet.]]>
            </line>
            <line>
              <![CDATA[Return individual element that is stored a list, that stored elements from the drop-down menu.]]>
            </line>
            <line>
              <![CDATA[Return individual element that is stored a list, that stored elements from the drop-down menu.]]>
            </line>
            <line>
              <![CDATA[Read and return data that is stored in the excel sheet.]]>
            </line>
            <line>
              <![CDATA[Return individual element that is stored a list, that stored elements from the drop-down menu.]]>
            </line>
            <line>
              <![CDATA[Return individual element that is stored a list, that stored elements from the drop-down menu.]]>
            </line>
            <line>
              <![CDATA[Read and return data that is stored in the excel sheet.]]>
            </line>
            <line>
              <![CDATA[Return individual element that is stored a list, that stored elements from the drop-down menu.]]>
            </line>
            <line>
              <![CDATA[Return individual element that is stored a list, that stored elements from the drop-down menu.]]>
            </line>
            <line>
              <![CDATA[Read and return data that is stored in the excel sheet.]]>
            </line>
            <line>
              <![CDATA[Return individual element that is stored a list, that stored elements from the drop-down menu.]]>
            </line>
            <line>
              <![CDATA[Return individual element that is stored a list, that stored elements from the drop-down menu.]]>
            </line>
            <line>
              <![CDATA[Read and return data that is stored in the excel sheet.]]>
            </line>
            <line>
              <![CDATA[Return individual element that is stored a list, that stored elements from the drop-down menu.]]>
            </line>
            <line>
              <![CDATA[Return individual element that is stored a list, that stored elements from the drop-down menu.]]>
            </line>
            <line>
              <![CDATA[Read and return data that is stored in the excel sheet.]]>
            </line>
            <line>
              <![CDATA[Return individual element that is stored a list, that stored elements from the drop-down menu.]]>
            </line>
            <line>
              <![CDATA[Return individual element that is stored a list, that stored elements from the drop-down menu.]]>
            </line>
            <line>
              <![CDATA[Read and return data that is stored in the excel sheet.]]>
            </line>
            <line>
              <![CDATA[Return individual element that is stored a list, that stored elements from the drop-down menu.]]>
            </line>
            <line>
              <![CDATA[Return individual element that is stored a list, that stored elements from the drop-down menu.]]>
            </line>
            <line>
              <![CDATA[Read and return data that is stored in the excel sheet.]]>
            </line>
            <line>
              <![CDATA[Return individual element that is stored a list, that stored elements from the drop-down menu.]]>
            </line>
            <line>
              <![CDATA[Return individual element that is stored a list, that stored elements from the drop-down menu.]]>
            </line>
            <line>
              <![CDATA[Read and return data that is stored in the excel sheet.]]>
            </line>
            <line>
              <![CDATA[Return individual element that is stored a list, that stored elements from the drop-down menu.]]>
            </line>
            <line>
              <![CDATA[Comparison of actual and expected features drop-down title is completed.]]>
            </line>
          </reporter-output>
        </test-method> <!-- compareExpectedAndActualFeatureTitle -->
        <test-method signature="compareExpectedAndActualProductTitle()[pri:3, instance:mavenProject.phpTravel.TestClass@53aad5d5]" started-at="2020-12-09T10:55:26 IST" name="compareExpectedAndActualProductTitle" finished-at="2020-12-09T10:55:32 IST" duration-ms="5930" status="PASS">
          <reporter-output>
            <line>
              <![CDATA[Method to return xpath in string format, that is stored in webelement format.]]>
            </line>
            <line>
              <![CDATA[Method used to hover over elements]]>
            </line>
            <line>
              <![CDATA[Method return a list of elements that is stored in the drop-down menu.]]>
            </line>
            <line>
              <![CDATA[Read and return data that is stored in properties files.]]>
            </line>
            <line>
              <![CDATA[Return individual element that is stored a list, that stored elements from the drop-down menu.]]>
            </line>
            <line>
              <![CDATA[Read and return data that is stored in the excel sheet.]]>
            </line>
            <line>
              <![CDATA[Return individual element that is stored a list, that stored elements from the drop-down menu.]]>
            </line>
            <line>
              <![CDATA[Return individual element that is stored a list, that stored elements from the drop-down menu.]]>
            </line>
            <line>
              <![CDATA[Read and return data that is stored in the excel sheet.]]>
            </line>
            <line>
              <![CDATA[Return individual element that is stored a list, that stored elements from the drop-down menu.]]>
            </line>
            <line>
              <![CDATA[Return individual element that is stored a list, that stored elements from the drop-down menu.]]>
            </line>
            <line>
              <![CDATA[Read and return data that is stored in the excel sheet.]]>
            </line>
            <line>
              <![CDATA[Return individual element that is stored a list, that stored elements from the drop-down menu.]]>
            </line>
            <line>
              <![CDATA[Return individual element that is stored a list, that stored elements from the drop-down menu.]]>
            </line>
            <line>
              <![CDATA[Read and return data that is stored in the excel sheet.]]>
            </line>
            <line>
              <![CDATA[Return individual element that is stored a list, that stored elements from the drop-down menu.]]>
            </line>
            <line>
              <![CDATA[Return individual element that is stored a list, that stored elements from the drop-down menu.]]>
            </line>
            <line>
              <![CDATA[Read and return data that is stored in the excel sheet.]]>
            </line>
            <line>
              <![CDATA[Return individual element that is stored a list, that stored elements from the drop-down menu.]]>
            </line>
            <line>
              <![CDATA[Return individual element that is stored a list, that stored elements from the drop-down menu.]]>
            </line>
            <line>
              <![CDATA[Read and return data that is stored in the excel sheet.]]>
            </line>
            <line>
              <![CDATA[Return individual element that is stored a list, that stored elements from the drop-down menu.]]>
            </line>
            <line>
              <![CDATA[Return individual element that is stored a list, that stored elements from the drop-down menu.]]>
            </line>
            <line>
              <![CDATA[Read and return data that is stored in the excel sheet.]]>
            </line>
            <line>
              <![CDATA[Return individual element that is stored a list, that stored elements from the drop-down menu.]]>
            </line>
            <line>
              <![CDATA[Return individual element that is stored a list, that stored elements from the drop-down menu.]]>
            </line>
            <line>
              <![CDATA[Read and return data that is stored in the excel sheet.]]>
            </line>
            <line>
              <![CDATA[Return individual element that is stored a list, that stored elements from the drop-down menu.]]>
            </line>
            <line>
              <![CDATA[Return individual element that is stored a list, that stored elements from the drop-down menu.]]>
            </line>
            <line>
              <![CDATA[Read and return data that is stored in the excel sheet.]]>
            </line>
            <line>
              <![CDATA[Return individual element that is stored a list, that stored elements from the drop-down menu.]]>
            </line>
            <line>
              <![CDATA[Return individual element that is stored a list, that stored elements from the drop-down menu.]]>
            </line>
            <line>
              <![CDATA[Read and return data that is stored in the excel sheet.]]>
            </line>
            <line>
              <![CDATA[Return individual element that is stored a list, that stored elements from the drop-down menu.]]>
            </line>
            <line>
              <![CDATA[Return individual element that is stored a list, that stored elements from the drop-down menu.]]>
            </line>
            <line>
              <![CDATA[Read and return data that is stored in the excel sheet.]]>
            </line>
            <line>
              <![CDATA[Return individual element that is stored a list, that stored elements from the drop-down menu.]]>
            </line>
            <line>
              <![CDATA[Return individual element that is stored a list, that stored elements from the drop-down menu.]]>
            </line>
            <line>
              <![CDATA[Read and return data that is stored in the excel sheet.]]>
            </line>
            <line>
              <![CDATA[Return individual element that is stored a list, that stored elements from the drop-down menu.]]>
            </line>
            <line>
              <![CDATA[Return individual element that is stored a list, that stored elements from the drop-down menu.]]>
            </line>
            <line>
              <![CDATA[Read and return data that is stored in the excel sheet.]]>
            </line>
            <line>
              <![CDATA[Return individual element that is stored a list, that stored elements from the drop-down menu.]]>
            </line>
            <line>
              <![CDATA[Comparison of actual and expected product drop-down title is completed.]]>
            </line>
          </reporter-output>
        </test-method> <!-- compareExpectedAndActualProductTitle -->
        <test-method signature="compareExpectedAndActualCompanyTitle()[pri:4, instance:mavenProject.phpTravel.TestClass@53aad5d5]" started-at="2020-12-09T10:55:32 IST" name="compareExpectedAndActualCompanyTitle" finished-at="2020-12-09T10:55:38 IST" duration-ms="5838" status="PASS">
          <reporter-output>
            <line>
              <![CDATA[Method to return xpath in string format, that is stored in webelement format.]]>
            </line>
            <line>
              <![CDATA[Method used to hover over elements]]>
            </line>
            <line>
              <![CDATA[Method return a list of elements that is stored in the drop-down menu.]]>
            </line>
            <line>
              <![CDATA[Read and return data that is stored in properties files.]]>
            </line>
            <line>
              <![CDATA[Return individual element that is stored a list, that stored elements from the drop-down menu.]]>
            </line>
            <line>
              <![CDATA[Read and return data that is stored in the excel sheet.]]>
            </line>
            <line>
              <![CDATA[Return individual element that is stored a list, that stored elements from the drop-down menu.]]>
            </line>
            <line>
              <![CDATA[Return individual element that is stored a list, that stored elements from the drop-down menu.]]>
            </line>
            <line>
              <![CDATA[Read and return data that is stored in the excel sheet.]]>
            </line>
            <line>
              <![CDATA[Return individual element that is stored a list, that stored elements from the drop-down menu.]]>
            </line>
            <line>
              <![CDATA[Return individual element that is stored a list, that stored elements from the drop-down menu.]]>
            </line>
            <line>
              <![CDATA[Read and return data that is stored in the excel sheet.]]>
            </line>
            <line>
              <![CDATA[Return individual element that is stored a list, that stored elements from the drop-down menu.]]>
            </line>
            <line>
              <![CDATA[Return individual element that is stored a list, that stored elements from the drop-down menu.]]>
            </line>
            <line>
              <![CDATA[Read and return data that is stored in the excel sheet.]]>
            </line>
            <line>
              <![CDATA[Return individual element that is stored a list, that stored elements from the drop-down menu.]]>
            </line>
            <line>
              <![CDATA[Return individual element that is stored a list, that stored elements from the drop-down menu.]]>
            </line>
            <line>
              <![CDATA[Read and return data that is stored in the excel sheet.]]>
            </line>
            <line>
              <![CDATA[Return individual element that is stored a list, that stored elements from the drop-down menu.]]>
            </line>
            <line>
              <![CDATA[Return individual element that is stored a list, that stored elements from the drop-down menu.]]>
            </line>
            <line>
              <![CDATA[Read and return data that is stored in the excel sheet.]]>
            </line>
            <line>
              <![CDATA[Return individual element that is stored a list, that stored elements from the drop-down menu.]]>
            </line>
            <line>
              <![CDATA[Return individual element that is stored a list, that stored elements from the drop-down menu.]]>
            </line>
            <line>
              <![CDATA[Read and return data that is stored in the excel sheet.]]>
            </line>
            <line>
              <![CDATA[Return individual element that is stored a list, that stored elements from the drop-down menu.]]>
            </line>
            <line>
              <![CDATA[Return individual element that is stored a list, that stored elements from the drop-down menu.]]>
            </line>
            <line>
              <![CDATA[Read and return data that is stored in the excel sheet.]]>
            </line>
            <line>
              <![CDATA[Return individual element that is stored a list, that stored elements from the drop-down menu.]]>
            </line>
            <line>
              <![CDATA[Return individual element that is stored a list, that stored elements from the drop-down menu.]]>
            </line>
            <line>
              <![CDATA[Read and return data that is stored in the excel sheet.]]>
            </line>
            <line>
              <![CDATA[Return individual element that is stored a list, that stored elements from the drop-down menu.]]>
            </line>
            <line>
              <![CDATA[Return individual element that is stored a list, that stored elements from the drop-down menu.]]>
            </line>
            <line>
              <![CDATA[Read and return data that is stored in the excel sheet.]]>
            </line>
            <line>
              <![CDATA[Return individual element that is stored a list, that stored elements from the drop-down menu.]]>
            </line>
            <line>
              <![CDATA[Return individual element that is stored a list, that stored elements from the drop-down menu.]]>
            </line>
            <line>
              <![CDATA[Read and return data that is stored in the excel sheet.]]>
            </line>
            <line>
              <![CDATA[Return individual element that is stored a list, that stored elements from the drop-down menu.]]>
            </line>
            <line>
              <![CDATA[Comparison of actual and expected company drop down title is completed.]]>
            </line>
          </reporter-output>
        </test-method> <!-- compareExpectedAndActualCompanyTitle -->
        <test-method signature="moveToDemoWindow()[pri:5, instance:mavenProject.phpTravel.TestClass@53aad5d5]" started-at="2020-12-09T10:55:38 IST" name="moveToDemoWindow" finished-at="2020-12-09T10:56:15 IST" duration-ms="37029" status="PASS">
          <reporter-output>
            <line>
              <![CDATA[Method to switch between windows.]]>
            </line>
            <line>
              <![CDATA[Method for automation testing of flight booking.]]>
            </line>
            <line>
              <![CDATA[Click on flight option.]]>
            </line>
            <line>
              <![CDATA[Click on round trip option.]]>
            </line>
            <line>
              <![CDATA[Click on drop-down to choose the class of flight ticket.]]>
            </line>
            <line>
              <![CDATA[Method to return xpath in string format, that is stored in webelement format.]]>
            </line>
            <line>
              <![CDATA[Click on business class option.]]>
            </line>
            <line>
              <![CDATA[Initialization of Calendar class.]]>
            </line>
            <line>
              <![CDATA[Click on depart option.]]>
            </line>
            <line>
              <![CDATA[Click on the current date on the calendar.]]>
            </line>
            <line>
              <![CDATA[Click on return option.]]>
            </line>
            <line>
              <![CDATA[Click on submit option.]]>
            </line>
            <line>
              <![CDATA[Completed flight booking.]]>
            </line>
          </reporter-output>
        </test-method> <!-- moveToDemoWindow -->
        <test-method is-config="true" signature="Endmethod()[pri:0, instance:mavenProject.phpTravel.TestClass@53aad5d5]" started-at="2020-12-09T10:56:15 IST" name="Endmethod" finished-at="2020-12-09T10:56:16 IST" duration-ms="1004" status="PASS">
          <reporter-output>
            <line>
              <![CDATA[Close the browser and end all the tasks related to browser.]]>
            </line>
          </reporter-output>
        </test-method> <!-- Endmethod -->
      </class> <!-- mavenProject.phpTravel.TestClass -->
    </test> <!-- Test -->
  </suite> <!-- Suite -->
</testng-results>
